g:\repos\dungeonbattlesofwinterspellcpp\dungeonbattlesofwinterspellcpp\x64\debug\vc143.pdb
g:\repos\dungeonbattlesofwinterspellcpp\dungeonbattlesofwinterspellcpp\x64\debug\vc143.idb
g:\repos\dungeonbattlesofwinterspellcpp\dungeonbattlesofwinterspellcpp\x64\debug\gametext.obj
g:\repos\dungeonbattlesofwinterspellcpp\dungeonbattlesofwinterspellcpp\x64\debug\gamestate.obj
g:\repos\dungeonbattlesofwinterspellcpp\dungeonbattlesofwinterspellcpp\x64\debug\gamecontext.obj
g:\repos\dungeonbattlesofwinterspellcpp\dungeonbattlesofwinterspellcpp\x64\debug\game.obj
g:\repos\dungeonbattlesofwinterspellcpp\dungeonbattlesofwinterspellcpp\x64\debug\explorestate.obj
g:\repos\dungeonbattlesofwinterspellcpp\dungeonbattlesofwinterspellcpp\x64\debug\charactercreation.obj
g:\repos\dungeonbattlesofwinterspellcpp\dungeonbattlesofwinterspellcpp\x64\debug\enemy.obj
g:\repos\dungeonbattlesofwinterspellcpp\dungeonbattlesofwinterspellcpp\x64\debug\charcreatui.obj
g:\repos\dungeonbattlesofwinterspellcpp\dungeonbattlesofwinterspellcpp\x64\debug\character.obj
g:\repos\dungeonbattlesofwinterspellcpp\dungeonbattlesofwinterspellcpp\x64\debug\beginstate.obj
g:\repos\dungeonbattlesofwinterspellcpp\dungeonbattlesofwinterspellcpp\x64\debug\battlestate.obj
g:\repos\dungeonbattlesofwinterspellcpp\dungeonbattlesofwinterspellcpp\x64\debug\changelingstate.obj
g:\repos\dungeonbattlesofwinterspellcpp\dungeonbattlesofwinterspellcpp\x64\debug\traderui.obj
g:\repos\dungeonbattlesofwinterspellcpp\dungeonbattlesofwinterspellcpp\x64\debug\tradestate.obj
g:\repos\dungeonbattlesofwinterspellcpp\dungeonbattlesofwinterspellcpp\x64\debug\trader.obj
g:\repos\dungeonbattlesofwinterspellcpp\dungeonbattlesofwinterspellcpp\x64\debug\generatetown.obj
g:\repos\dungeonbattlesofwinterspellcpp\dungeonbattlesofwinterspellcpp\x64\debug\weapon.obj
g:\repos\dungeonbattlesofwinterspellcpp\dungeonbattlesofwinterspellcpp\x64\debug\ui.obj
g:\repos\dungeonbattlesofwinterspellcpp\dungeonbattlesofwinterspellcpp\x64\debug\traderstate.obj
g:\repos\dungeonbattlesofwinterspellcpp\dungeonbattlesofwinterspellcpp\x64\debug\story.obj
g:\repos\dungeonbattlesofwinterspellcpp\dungeonbattlesofwinterspellcpp\x64\debug\createtrader.obj
g:\repos\dungeonbattlesofwinterspellcpp\dungeonbattlesofwinterspellcpp\x64\debug\musicplayer.obj
g:\repos\dungeonbattlesofwinterspellcpp\dungeonbattlesofwinterspellcpp\x64\debug\mapupdatestate.obj
g:\repos\dungeonbattlesofwinterspellcpp\dungeonbattlesofwinterspellcpp\x64\debug\maprevealstate.obj
g:\repos\dungeonbattlesofwinterspellcpp\dungeonbattlesofwinterspellcpp\x64\debug\lootstate.obj
g:\repos\dungeonbattlesofwinterspellcpp\dungeonbattlesofwinterspellcpp\x64\debug\lootitem.obj
g:\repos\dungeonbattlesofwinterspellcpp\dungeonbattlesofwinterspellcpp\x64\debug\loadacttownstate.obj
g:\repos\dungeonbattlesofwinterspellcpp\dungeonbattlesofwinterspellcpp\x64\debug\loadactthreestate.obj
g:\repos\dungeonbattlesofwinterspellcpp\dungeonbattlesofwinterspellcpp\x64\debug\loadactstate.obj
g:\repos\dungeonbattlesofwinterspellcpp\dungeonbattlesofwinterspellcpp\x64\debug\loadactonestate.obj
g:\repos\dungeonbattlesofwinterspellcpp\dungeonbattlesofwinterspellcpp\x64\debug\inventory.obj
g:\repos\dungeonbattlesofwinterspellcpp\dungeonbattlesofwinterspellcpp\x64\debug\inputmanager.obj
g:\repos\dungeonbattlesofwinterspellcpp\dungeonbattlesofwinterspellcpp\x64\debug\input.obj
g:\repos\dungeonbattlesofwinterspellcpp\dungeonbattlesofwinterspellcpp\x64\debug\dungeonb.a1be362c.tlog\cl.command.1.tlog
g:\repos\dungeonbattlesofwinterspellcpp\dungeonbattlesofwinterspellcpp\x64\debug\dungeonb.a1be362c.tlog\cl.read.1.tlog
g:\repos\dungeonbattlesofwinterspellcpp\dungeonbattlesofwinterspellcpp\x64\debug\dungeonb.a1be362c.tlog\cl.write.1.tlog
