  Characters.cpp
C:\Program Files\Microsoft Visual Studio\2022\Community\VC\Tools\MSVC\14.35.32215\include\xmemory(673): error C2259: 'IWeapon': cannot instantiate abstract class
G:\repos\DungeonBattlesOfWinterspellCpp\DungeonBattlesOfWinterspellCpp\IWeapon.h(5,7): message : see declaration of 'IWeapon'
C:\Program Files\Microsoft Visual Studio\2022\Community\VC\Tools\MSVC\14.35.32215\include\xmemory(673): message : due to following members:
C:\Program Files\Microsoft Visual Studio\2022\Community\VC\Tools\MSVC\14.35.32215\include\xmemory(673): message : 'void IWeapon::UseSkillPrimary(void)': is abstract
G:\repos\DungeonBattlesOfWinterspellCpp\DungeonBattlesOfWinterspellCpp\IWeapon.h(26,15): message : see declaration of 'IWeapon::UseSkillPrimary'
C:\Program Files\Microsoft Visual Studio\2022\Community\VC\Tools\MSVC\14.35.32215\include\xmemory(673): message : 'void IWeapon::UseSkillSecondary(void)': is abstract
G:\repos\DungeonBattlesOfWinterspellCpp\DungeonBattlesOfWinterspellCpp\IWeapon.h(27,15): message : see declaration of 'IWeapon::UseSkillSecondary'
C:\Program Files\Microsoft Visual Studio\2022\Community\VC\Tools\MSVC\14.35.32215\include\xmemory(1659): message : see reference to function template instantiation 'void std::_Default_allocator_traits<_Alloc>::construct<_Ty,IWeapon&>(_Alloc &,_Objty *const ,IWeapon &)' being compiled
          with
          [
              _Alloc=std::allocator<IWeapon>,
              _Ty=IWeapon,
              _Objty=IWeapon
          ]
C:\Program Files\Microsoft Visual Studio\2022\Community\VC\Tools\MSVC\14.35.32215\include\xmemory(1660,44): message : see reference to function template instantiation 'void std::_Default_allocator_traits<_Alloc>::construct<_Ty,IWeapon&>(_Alloc &,_Objty *const ,IWeapon &)' being compiled
          with
          [
              _Alloc=std::allocator<IWeapon>,
              _Ty=IWeapon,
              _Objty=IWeapon
          ]
C:\Program Files\Microsoft Visual Studio\2022\Community\VC\Tools\MSVC\14.35.32215\include\xmemory(1677): message : see reference to function template instantiation 'void std::_Uninitialized_backout_al<std::allocator<IWeapon>>::_Emplace_back<IWeapon&>(IWeapon &)' being compiled
C:\Program Files\Microsoft Visual Studio\2022\Community\VC\Tools\MSVC\14.35.32215\include\xmemory(1714,31): message : see reference to function template instantiation 'void std::_Uninitialized_backout_al<std::allocator<IWeapon>>::_Emplace_back<IWeapon&>(IWeapon &)' being compiled
C:\Program Files\Microsoft Visual Studio\2022\Community\VC\Tools\MSVC\14.35.32215\include\vector(2119): message : see reference to function template instantiation 'IWeapon *std::_Uninitialized_copy<IWeapon*,IWeapon*,std::allocator<IWeapon>>(_InIt,_Se,IWeapon *,_Alloc &)' being compiled
          with
          [
              _InIt=IWeapon *,
              _Se=IWeapon *,
              _Alloc=std::allocator<IWeapon>
          ]
C:\Program Files\Microsoft Visual Studio\2022\Community\VC\Tools\MSVC\14.35.32215\include\vector(749,1): message : see reference to function template instantiation 'void std::vector<IWeapon,std::allocator<IWeapon>>::_Construct_n<IWeapon*const &,IWeapon*const &>(const unsigned __int64,IWeapon *const &,IWeapon *const &)' being compiled
C:\Program Files\Microsoft Visual Studio\2022\Community\VC\Tools\MSVC\14.35.32215\include\vector(749,21): message : see reference to function template instantiation 'void std::vector<IWeapon,std::allocator<IWeapon>>::_Construct_n<IWeapon*const &,IWeapon*const &>(const unsigned __int64,IWeapon *const &,IWeapon *const &)' being compiled
C:\Program Files\Microsoft Visual Studio\2022\Community\VC\Tools\MSVC\14.35.32215\include\vector(745,1): message : while compiling class template member function 'std::vector<IWeapon,std::allocator<IWeapon>>::vector(const std::vector<IWeapon,std::allocator<IWeapon>> &)'
G:\repos\DungeonBattlesOfWinterspellCpp\DungeonBattlesOfWinterspellCpp\Characters.h(19,53): message : see reference to function template instantiation 'std::vector<IWeapon,std::allocator<IWeapon>>::vector(const std::vector<IWeapon,std::allocator<IWeapon>> &)' being compiled
G:\repos\DungeonBattlesOfWinterspellCpp\DungeonBattlesOfWinterspellCpp\Characters.h(27,23): message : see reference to class template instantiation 'std::vector<IWeapon,std::allocator<IWeapon>>' being compiled
C:\Program Files\Microsoft Visual Studio\2022\Community\VC\Tools\MSVC\14.35.32215\include\xmemory(680,47): error C2259: 'IWeapon': cannot instantiate abstract class
G:\repos\DungeonBattlesOfWinterspellCpp\DungeonBattlesOfWinterspellCpp\IWeapon.h(5,7): message : see declaration of 'IWeapon'
C:\Program Files\Microsoft Visual Studio\2022\Community\VC\Tools\MSVC\14.35.32215\include\xmemory(680,47): message : due to following members:
C:\Program Files\Microsoft Visual Studio\2022\Community\VC\Tools\MSVC\14.35.32215\include\xmemory(680,47): message : 'void IWeapon::UseSkillPrimary(void)': is abstract
G:\repos\DungeonBattlesOfWinterspellCpp\DungeonBattlesOfWinterspellCpp\IWeapon.h(26,15): message : see declaration of 'IWeapon::UseSkillPrimary'
C:\Program Files\Microsoft Visual Studio\2022\Community\VC\Tools\MSVC\14.35.32215\include\xmemory(680,47): message : 'void IWeapon::UseSkillSecondary(void)': is abstract
G:\repos\DungeonBattlesOfWinterspellCpp\DungeonBattlesOfWinterspellCpp\IWeapon.h(27,15): message : see declaration of 'IWeapon::UseSkillSecondary'
  Enemies.cpp
  ICharacter.cpp
  IEnemy.cpp
  Generating Code...
